[0317/120154.232:ERROR:process_reader_win.cc(233)] ReadMemory at 0x53110000 of 64 bytes failed: 仅完成部分的 ReadProcessMemory 或 WriteProcessMemory 请求。 (0x12B)
[0317/120154.232:WARNING:pe_image_reader.cc(281)] could not read dos header from C:\Windows\AppPatch\AcGenral.dll
[0317/120154.232:ERROR:process_reader_win.cc(233)] ReadMemory at 0x6a0e0000 of 64 bytes failed: 仅完成部分的 ReadProcessMemory 或 WriteProcessMemory 请求。 (0x12B)
[0317/120154.232:WARNING:pe_image_reader.cc(281)] could not read dos header from C:\Windows\system32\apphelp.dll
[0317/120154.232:ERROR:process_reader_win.cc(233)] ReadMemory at 0x74060000 of 64 bytes failed: 仅完成部分的 ReadProcessMemory 或 WriteProcessMemory 请求。 (0x12B)
[0317/120154.232:WARNING:pe_image_reader.cc(281)] could not read dos header from C:\Windows\System32\msvcrt.dll
[0317/120154.232:ERROR:process_reader_win.cc(233)] ReadMemory at 0x76550000 of 64 bytes failed: 仅完成部分的 ReadProcessMemory 或 WriteProcessMemory 请求。 (0x12B)
[0317/120154.232:WARNING:pe_image_reader.cc(281)] could not read dos header from C:\Windows\System32\bcryptPrimitives.dll
[0317/120154.232:ERROR:process_reader_win.cc(233)] ReadMemory at 0x73c80000 of 64 bytes failed: 仅完成部分的 ReadProcessMemory 或 WriteProcessMemory 请求。 (0x12B)
[0317/120154.232:WARNING:pe_image_reader.cc(281)] could not read dos header from C:\Windows\System32\CRYPTBASE.dll
[0317/120154.232:ERROR:process_reader_win.cc(233)] ReadMemory at 0x73c90000 of 64 bytes failed: 仅完成部分的 ReadProcessMemory 或 WriteProcessMemory 请求。 (0x12B)
[0317/120154.232:WARNING:pe_image_reader.cc(281)] could not read dos header from C:\Windows\System32\SspiCli.dll
[0317/120154.232:ERROR:process_reader_win.cc(233)] ReadMemory at 0x73f90000 of 64 bytes failed: 仅完成部分的 ReadProcessMemory 或 WriteProcessMemory 请求。 (0x12B)
[0317/120154.232:WARNING:pe_image_reader.cc(281)] could not read dos header from C:\Windows\System32\RPCRT4.dll
[0317/120154.232:ERROR:process_reader_win.cc(233)] ReadMemory at 0x75be0000 of 64 bytes failed: 仅完成部分的 ReadProcessMemory 或 WriteProcessMemory 请求。 (0x12B)
[0317/120154.232:WARNING:pe_image_reader.cc(281)] could not read dos header from C:\Windows\System32\sechost.dll
[0317/120154.232:ERROR:process_reader_win.cc(233)] ReadMemory at 0x76650000 of 64 bytes failed: 仅完成部分的 ReadProcessMemory 或 WriteProcessMemory 请求。 (0x12B)
[0317/120154.232:WARNING:pe_image_reader.cc(281)] could not read dos header from C:\Windows\System32\ucrtbase.dll
[0317/120154.232:ERROR:process_reader_win.cc(233)] ReadMemory at 0x767c0000 of 64 bytes failed: 仅完成部分的 ReadProcessMemory 或 WriteProcessMemory 请求。 (0x12B)
[0317/120154.232:WARNING:pe_image_reader.cc(281)] could not read dos header from C:\Windows\System32\combase.dll
[0317/120154.232:ERROR:process_reader_win.cc(233)] ReadMemory at 0x75900000 of 64 bytes failed: 仅完成部分的 ReadProcessMemory 或 WriteProcessMemory 请求。 (0x12B)
[0317/120154.232:WARNING:pe_image_reader.cc(281)] could not read dos header from C:\Windows\System32\win32u.dll
[0317/120154.232:ERROR:process_reader_win.cc(233)] ReadMemory at 0x75c80000 of 64 bytes failed: 仅完成部分的 ReadProcessMemory 或 WriteProcessMemory 请求。 (0x12B)
[0317/120154.232:WARNING:pe_image_reader.cc(281)] could not read dos header from C:\Windows\System32\USER32.dll
[0317/120154.232:ERROR:process_reader_win.cc(233)] ReadMemory at 0x73da0000 of 64 bytes failed: 仅完成部分的 ReadProcessMemory 或 WriteProcessMemory 请求。 (0x12B)
[0317/120154.232:WARNING:pe_image_reader.cc(281)] could not read dos header from C:\Windows\System32\gdi32full.dll
[0317/120154.232:ERROR:process_reader_win.cc(233)] ReadMemory at 0x75f60000 of 64 bytes failed: 仅完成部分的 ReadProcessMemory 或 WriteProcessMemory 请求。 (0x12B)
[0317/120154.232:WARNING:pe_image_reader.cc(281)] could not read dos header from C:\Windows\System32\GDI32.dll
[0317/120154.232:ERROR:process_reader_win.cc(233)] ReadMemory at 0x769f0000 of 64 bytes failed: 仅完成部分的 ReadProcessMemory 或 WriteProcessMemory 请求。 (0x12B)
[0317/120154.232:WARNING:pe_image_reader.cc(281)] could not read dos header from C:\Windows\System32\IMM32.DLL
[0317/120154.232:ERROR:process_reader_win.cc(233)] ReadMemory at 0x76090000 of 64 bytes failed: 仅完成部分的 ReadProcessMemory 或 WriteProcessMemory 请求。 (0x12B)
[0317/120154.232:WARNING:pe_image_reader.cc(281)] could not read dos header from C:\Windows\System32\SHLWAPI.dll
[0317/120154.232:ERROR:process_reader_win.cc(233)] ReadMemory at 0x6a960000 of 64 bytes failed: 仅完成部分的 ReadProcessMemory 或 WriteProcessMemory 请求。 (0x12B)
[0317/120154.232:WARNING:pe_image_reader.cc(281)] could not read dos header from C:\Windows\SYSTEM32\UxTheme.dll
[0317/120154.232:ERROR:process_reader_win.cc(233)] ReadMemory at 0x74450000 of 64 bytes failed: 仅完成部分的 ReadProcessMemory 或 WriteProcessMemory 请求。 (0x12B)
[0317/120154.232:WARNING:pe_image_reader.cc(281)] could not read dos header from C:\Windows\System32\cfgmgr32.dll
[0317/120154.232:ERROR:process_reader_win.cc(233)] ReadMemory at 0x73830000 of 64 bytes failed: 仅完成部分的 ReadProcessMemory 或 WriteProcessMemory 请求。 (0x12B)
[0317/120154.232:WARNING:pe_image_reader.cc(281)] could not read dos header from C:\Windows\SYSTEM32\WINMMBASE.dll
[0317/120154.232:ERROR:process_reader_win.cc(233)] ReadMemory at 0x73860000 of 64 bytes failed: 仅完成部分的 ReadProcessMemory 或 WriteProcessMemory 请求。 (0x12B)
[0317/120154.232:WARNING:pe_image_reader.cc(281)] could not read dos header from C:\Windows\SYSTEM32\WINMM.dll
[0317/120154.232:ERROR:process_reader_win.cc(233)] ReadMemory at 0x73730000 of 64 bytes failed: 仅完成部分的 ReadProcessMemory 或 WriteProcessMemory 请求。 (0x12B)
[0317/120154.232:WARNING:pe_image_reader.cc(281)] could not read dos header from C:\Windows\SYSTEM32\samcli.dll
[0317/120154.232:ERROR:process_reader_win.cc(233)] ReadMemory at 0x73cb0000 of 64 bytes failed: 仅完成部分的 ReadProcessMemory 或 WriteProcessMemory 请求。 (0x12B)
[0317/120154.232:WARNING:pe_image_reader.cc(281)] could not read dos header from C:\Windows\System32\ole32.dll
[0317/120154.232:ERROR:process_reader_win.cc(233)] ReadMemory at 0x75b40000 of 64 bytes failed: 仅完成部分的 ReadProcessMemory 或 WriteProcessMemory 请求。 (0x12B)
[0317/120154.232:WARNING:pe_image_reader.cc(281)] could not read dos header from C:\Windows\System32\OLEAUT32.dll
[0317/120154.232:ERROR:process_reader_win.cc(233)] ReadMemory at 0x743d0000 of 64 bytes failed: 仅完成部分的 ReadProcessMemory 或 WriteProcessMemory 请求。 (0x12B)
[0317/120154.232:WARNING:pe_image_reader.cc(281)] could not read dos header from C:\Windows\System32\advapi32.dll
[0317/120154.232:ERROR:process_reader_win.cc(233)] ReadMemory at 0x630e0000 of 64 bytes failed: 仅完成部分的 ReadProcessMemory 或 WriteProcessMemory 请求。 (0x12B)
[0317/120154.232:WARNING:pe_image_reader.cc(281)] could not read dos header from C:\Windows\SYSTEM32\MSACM32.dll
[0317/120154.232:ERROR:process_reader_win.cc(233)] ReadMemory at 0x73c70000 of 64 bytes failed: 仅完成部分的 ReadProcessMemory 或 WriteProcessMemory 请求。 (0x12B)
[0317/120154.232:WARNING:pe_image_reader.cc(281)] could not read dos header from C:\Windows\SYSTEM32\VERSION.dll
[0317/120154.232:ERROR:process_reader_win.cc(233)] ReadMemory at 0x75c30000 of 64 bytes failed: 仅完成部分的 ReadProcessMemory 或 WriteProcessMemory 请求。 (0x12B)
[0317/120154.232:WARNING:pe_image_reader.cc(281)] could not read dos header from C:\Windows\System32\powrprof.dll
[0317/120154.232:ERROR:process_reader_win.cc(233)] ReadMemory at 0x75920000 of 64 bytes failed: 仅完成部分的 ReadProcessMemory 或 WriteProcessMemory 请求。 (0x12B)
[0317/120154.232:WARNING:pe_image_reader.cc(281)] could not read dos header from C:\Windows\System32\kernel.appcore.dll
[0317/120154.232:ERROR:process_reader_win.cc(233)] ReadMemory at 0x73f00000 of 64 bytes failed: 仅完成部分的 ReadProcessMemory 或 WriteProcessMemory 请求。 (0x12B)
[0317/120154.232:WARNING:pe_image_reader.cc(281)] could not read dos header from C:\Windows\System32\shcore.dll
[0317/120154.232:ERROR:process_reader_win.cc(233)] ReadMemory at 0x75f90000 of 64 bytes failed: 仅完成部分的 ReadProcessMemory 或 WriteProcessMemory 请求。 (0x12B)
[0317/120154.232:WARNING:pe_image_reader.cc(281)] could not read dos header from C:\Windows\System32\profapi.dll
[0317/120154.232:ERROR:process_reader_win.cc(233)] ReadMemory at 0x76be0000 of 64 bytes failed: 仅完成部分的 ReadProcessMemory 或 WriteProcessMemory 请求。 (0x12B)
[0317/120154.232:WARNING:pe_image_reader.cc(281)] could not read dos header from C:\Windows\System32\windows.storage.dll
[0317/120154.232:ERROR:process_reader_win.cc(233)] ReadMemory at 0x74520000 of 64 bytes failed: 仅完成部分的 ReadProcessMemory 或 WriteProcessMemory 请求。 (0x12B)
[0317/120154.232:WARNING:pe_image_reader.cc(281)] could not read dos header from C:\Windows\System32\SHELL32.dll
[0317/120154.232:ERROR:process_reader_win.cc(233)] ReadMemory at 0x73c40000 of 64 bytes failed: 仅完成部分的 ReadProcessMemory 或 WriteProcessMemory 请求。 (0x12B)
[0317/120154.232:WARNING:pe_image_reader.cc(281)] could not read dos header from C:\Windows\SYSTEM32\USERENV.dll
[0317/120154.232:ERROR:process_reader_win.cc(233)] ReadMemory at 0x6a180000 of 64 bytes failed: 仅完成部分的 ReadProcessMemory 或 WriteProcessMemory 请求。 (0x12B)
[0317/120154.232:WARNING:pe_image_reader.cc(281)] could not read dos header from C:\Windows\SYSTEM32\dwmapi.dll
[0317/120154.248:ERROR:process_reader_win.cc(233)] ReadMemory at 0x6f200000 of 64 bytes failed: 仅完成部分的 ReadProcessMemory 或 WriteProcessMemory 请求。 (0x12B)
[0317/120154.248:WARNING:pe_image_reader.cc(281)] could not read dos header from C:\Windows\SYSTEM32\iertutil.dll
[0317/120154.248:ERROR:process_reader_win.cc(233)] ReadMemory at 0x6f430000 of 64 bytes failed: 仅完成部分的 ReadProcessMemory 或 WriteProcessMemory 请求。 (0x12B)
[0317/120154.248:WARNING:pe_image_reader.cc(281)] could not read dos header from C:\Windows\SYSTEM32\urlmon.dll
[0317/120154.248:ERROR:process_reader_win.cc(233)] ReadMemory at 0x71730000 of 64 bytes failed: 仅完成部分的 ReadProcessMemory 或 WriteProcessMemory 请求。 (0x12B)
[0317/120154.248:WARNING:pe_image_reader.cc(281)] could not read dos header from C:\Windows\SYSTEM32\bcrypt.dll
[0317/120154.248:ERROR:process_reader_win.cc(233)] ReadMemory at 0x69dd0000 of 64 bytes failed: 仅完成部分的 ReadProcessMemory 或 WriteProcessMemory 请求。 (0x12B)
[0317/120154.248:WARNING:pe_image_reader.cc(281)] could not read dos header from C:\Windows\SYSTEM32\WINSPOOL.DRV
[0317/120154.248:ERROR:process_reader_win.cc(233)] ReadMemory at 0x69e40000 of 64 bytes failed: 仅完成部分的 ReadProcessMemory 或 WriteProcessMemory 请求。 (0x12B)
[0317/120154.248:WARNING:pe_image_reader.cc(281)] could not read dos header from C:\Windows\SYSTEM32\MPR.dll
[0317/120154.248:ERROR:process_reader_win.cc(233)] ReadMemory at 0x573f0000 of 64 bytes failed: 仅完成部分的 ReadProcessMemory 或 WriteProcessMemory 请求。 (0x12B)
[0317/120154.248:WARNING:pe_image_reader.cc(281)] could not read dos header from C:\Program Files (x86)\Google\Chrome\Application\56.0.2924.87\chrome_elf.dll
[0317/120154.248:ERROR:process_reader_win.cc(233)] ReadMemory at 0x76a20000 of 64 bytes failed: 仅完成部分的 ReadProcessMemory 或 WriteProcessMemory 请求。 (0x12B)
[0317/120154.248:WARNING:pe_image_reader.cc(281)] could not read dos header from C:\Windows\System32\PSAPI.DLL
[0317/120154.248:ERROR:process_reader_win.cc(233)] ReadMemory at 0x73c60000 of 64 bytes failed: 仅完成部分的 ReadProcessMemory 或 WriteProcessMemory 请求。 (0x12B)
[0317/120154.248:WARNING:pe_image_reader.cc(281)] could not read dos header from C:\Windows\SYSTEM32\WTSAPI32.dll
[0317/120154.248:ERROR:process_reader_win.cc(233)] ReadMemory at 0x72310000 of 64 bytes failed: 仅完成部分的 ReadProcessMemory 或 WriteProcessMemory 请求。 (0x12B)
[0317/120154.248:WARNING:pe_image_reader.cc(281)] could not read dos header from C:\Windows\SYSTEM32\WINHTTP.dll
[0317/120154.248:ERROR:process_reader_win.cc(233)] ReadMemory at 0x5b290000 of 64 bytes failed: 仅完成部分的 ReadProcessMemory 或 WriteProcessMemory 请求。 (0x12B)
[0317/120154.248:WARNING:pe_image_reader.cc(281)] could not read dos header from C:\Windows\SYSTEM32\ninput.dll
[0317/120154.248:ERROR:process_reader_win.cc(233)] ReadMemory at 0x76a30000 of 64 bytes failed: 仅完成部分的 ReadProcessMemory 或 WriteProcessMemory 请求。 (0x12B)
[0317/120154.248:WARNING:pe_image_reader.cc(281)] could not read dos header from C:\Windows\System32\WS2_32.dll
[0317/120154.248:ERROR:process_reader_win.cc(233)] ReadMemory at 0x73b30000 of 64 bytes failed: 仅完成部分的 ReadProcessMemory 或 WriteProcessMemory 请求。 (0x12B)
[0317/120154.248:WARNING:pe_image_reader.cc(281)] could not read dos header from C:\Windows\SYSTEM32\NETAPI32.dll
[0317/120154.248:ERROR:process_reader_win.cc(233)] ReadMemory at 0x71940000 of 64 bytes failed: 仅完成部分的 ReadProcessMemory 或 WriteProcessMemory 请求。 (0x12B)
[0317/120154.248:WARNING:pe_image_reader.cc(281)] could not read dos header from C:\Windows\SYSTEM32\WKSCLI.DLL
[0317/120154.248:ERROR:process_reader_win.cc(233)] ReadMemory at 0x73720000 of 64 bytes failed: 仅完成部分的 ReadProcessMemory 或 WriteProcessMemory 请求。 (0x12B)
[0317/120154.248:WARNING:pe_image_reader.cc(281)] could not read dos header from C:\Windows\SYSTEM32\NETUTILS.DLL
[0317/120154.248:ERROR:process_reader_win.cc(233)] ReadMemory at 0x69340000 of 64 bytes failed: 仅完成部分的 ReadProcessMemory 或 WriteProcessMemory 请求。 (0x12B)
[0317/120154.248:WARNING:pe_image_reader.cc(281)] could not read dos header from D:\Program Files (x86)\360\360Safe\safemon\safemon.dll
[0317/120154.248:ERROR:process_reader_win.cc(233)] ReadMemory at 0x596a0000 of 64 bytes failed: 仅完成部分的 ReadProcessMemory 或 WriteProcessMemory 请求。 (0x12B)
[0317/120154.248:WARNING:pe_image_reader.cc(281)] could not read dos header from D:\Program Files (x86)\360\360Safe\safemon\iNetSafe.dll
[0317/120154.248:ERROR:process_reader_win.cc(233)] ReadMemory at 0x67df0000 of 64 bytes failed: 仅完成部分的 ReadProcessMemory 或 WriteProcessMemory 请求。 (0x12B)
[0317/120154.248:WARNING:pe_image_reader.cc(281)] could not read dos header from C:\Windows\WinSxS\x86_microsoft.windows.common-controls_6595b64144ccf1df_6.0.14393.0_none_74bc87d3d22d9abe\COMCTL32.dll
[0317/120154.248:ERROR:process_reader_win.cc(233)] ReadMemory at 0x75fa0000 of 64 bytes failed: 仅完成部分的 ReadProcessMemory 或 WriteProcessMemory 请求。 (0x12B)
[0317/120154.248:WARNING:pe_image_reader.cc(281)] could not read dos header from C:\Windows\System32\COMDLG32.dll
[0317/120154.248:ERROR:process_reader_win.cc(233)] ReadMemory at 0x723b0000 of 64 bytes failed: 仅完成部分的 ReadProcessMemory 或 WriteProcessMemory 请求。 (0x12B)
[0317/120154.248:WARNING:pe_image_reader.cc(281)] could not read dos header from C:\Windows\SYSTEM32\dbghelp.dll
[0317/120154.248:ERROR:process_reader_win.cc(233)] ReadMemory at 0x651f0000 of 64 bytes failed: 仅完成部分的 ReadProcessMemory 或 WriteProcessMemory 请求。 (0x12B)
[0317/120154.248:WARNING:pe_image_reader.cc(281)] could not read dos header from C:\Windows\SYSTEM32\USP10.dll
[0317/120154.248:ERROR:process_reader_win.cc(233)] ReadMemory at 0x73b00000 of 64 bytes failed: 仅完成部分的 ReadProcessMemory 或 WriteProcessMemory 请求。 (0x12B)
[0317/120154.248:WARNING:pe_image_reader.cc(281)] could not read dos header from C:\Windows\SYSTEM32\IPHLPAPI.DLL
[0317/120154.248:ERROR:process_reader_win.cc(233)] ReadMemory at 0x737e0000 of 64 bytes failed: 仅完成部分的 ReadProcessMemory 或 WriteProcessMemory 请求。 (0x12B)
[0317/120154.248:WARNING:pe_image_reader.cc(281)] could not read dos header from C:\Windows\SYSTEM32\Secur32.dll
[0317/120154.248:ERROR:process_reader_win.cc(233)] ReadMemory at 0x67bf0000 of 64 bytes failed: 仅完成部分的 ReadProcessMemory 或 WriteProcessMemory 请求。 (0x12B)
[0317/120154.248:WARNING:pe_image_reader.cc(281)] could not read dos header from C:\Windows\SYSTEM32\DWrite.dll
[0317/120154.248:ERROR:process_reader_win.cc(233)] ReadMemory at 0x56640000 of 64 bytes failed: 仅完成部分的 ReadProcessMemory 或 WriteProcessMemory 请求。 (0x12B)
[0317/120154.248:WARNING:pe_image_reader.cc(281)] could not read dos header from C:\Windows\SYSTEM32\FONTSUB.dll
[0317/120154.248:ERROR:process_reader_win.cc(233)] ReadMemory at 0x76bd0000 of 64 bytes failed: 仅完成部分的 ReadProcessMemory 或 WriteProcessMemory 请求。 (0x12B)
[0317/120154.248:WARNING:pe_image_reader.cc(281)] could not read dos header from C:\Windows\System32\MSASN1.dll
[0317/120154.248:ERROR:process_reader_win.cc(233)] ReadMemory at 0x75de0000 of 64 bytes failed: 仅完成部分的 ReadProcessMemory 或 WriteProcessMemory 请求。 (0x12B)
[0317/120154.248:WARNING:pe_image_reader.cc(281)] could not read dos header from C:\Windows\System32\CRYPT32.dll
[0317/120154.248:ERROR:process_reader_win.cc(233)] ReadMemory at 0x76aa0000 of 64 bytes failed: 仅完成部分的 ReadProcessMemory 或 WriteProcessMemory 请求。 (0x12B)
[0317/120154.248:WARNING:pe_image_reader.cc(281)] could not read dos header from C:\Windows\System32\WINTRUST.dll
[0317/120154.248:ERROR:process_reader_win.cc(233)] ReadMemory at 0xf480000 of 64 bytes failed: 仅完成部分的 ReadProcessMemory 或 WriteProcessMemory 请求。 (0x12B)
[0317/120154.248:WARNING:pe_image_reader.cc(281)] could not read dos header from C:\Program Files (x86)\Google\Chrome\Application\56.0.2924.87\chrome_child.dll
[0317/120154.248:ERROR:process_reader_win.cc(233)] ReadMemory at 0x200000 of 64 bytes failed: 仅完成部分的 ReadProcessMemory 或 WriteProcessMemory 请求。 (0x12B)
[0317/120154.248:WARNING:pe_image_reader.cc(281)] could not read dos header from C:\Program Files (x86)\Google\Chrome\Application\chrome.exe
[0317/120154.248:ERROR:process_reader_win.cc(233)] ReadMemory at 0x75990000 of 64 bytes failed: 仅完成部分的 ReadProcessMemory 或 WriteProcessMemory 请求。 (0x12B)
[0317/120154.248:WARNING:pe_image_reader.cc(281)] could not read dos header from C:\Windows\System32\KERNELBASE.dll
[0317/120154.248:ERROR:process_reader_win.cc(233)] ReadMemory at 0x76af0000 of 64 bytes failed: 仅完成部分的 ReadProcessMemory 或 WriteProcessMemory 请求。 (0x12B)
[0317/120154.248:WARNING:pe_image_reader.cc(281)] could not read dos header from C:\Windows\System32\KERNEL32.DLL
[0317/120154.248:ERROR:process_reader_win.cc(233)] ReadMemory at 0x53110000 of 64 bytes failed: 仅完成部分的 ReadProcessMemory 或 WriteProcessMemory 请求。 (0x12B)
[0317/120154.248:WARNING:pe_image_reader.cc(281)] could not read dos header from C:\Windows\AppPatch\AcGenral.dll
[0317/120154.248:ERROR:process_reader_win.cc(233)] ReadMemory at 0x77150000 of 64 bytes failed: 仅完成部分的 ReadProcessMemory 或 WriteProcessMemory 请求。 (0x12B)
[0317/120154.248:WARNING:pe_image_reader.cc(281)] could not read dos header from C:\Windows\SYSTEM32\ntdll.dll
[0317/120154.248:ERROR:process_reader_win.cc(233)] ReadMemory at 0x6a0e0000 of 64 bytes failed: 仅完成部分的 ReadProcessMemory 或 WriteProcessMemory 请求。 (0x12B)
[0317/120154.248:WARNING:pe_image_reader.cc(281)] could not read dos header from C:\Windows\system32\apphelp.dll
[0317/120154.248:ERROR:process_reader_win.cc(233)] ReadMemory at 0x74060000 of 64 bytes failed: 仅完成部分的 ReadProcessMemory 或 WriteProcessMemory 请求。 (0x12B)
[0317/120154.248:WARNING:pe_image_reader.cc(281)] could not read dos header from C:\Windows\System32\msvcrt.dll
[0317/120154.248:ERROR:process_reader_win.cc(233)] ReadMemory at 0x76550000 of 64 bytes failed: 仅完成部分的 ReadProcessMemory 或 WriteProcessMemory 请求。 (0x12B)
[0317/120154.248:WARNING:pe_image_reader.cc(281)] could not read dos header from C:\Windows\System32\bcryptPrimitives.dll
[0317/120154.248:ERROR:process_reader_win.cc(233)] ReadMemory at 0x73c80000 of 64 bytes failed: 仅完成部分的 ReadProcessMemory 或 WriteProcessMemory 请求。 (0x12B)
[0317/120154.248:WARNING:pe_image_reader.cc(281)] could not read dos header from C:\Windows\System32\CRYPTBASE.dll
[0317/120154.248:ERROR:process_reader_win.cc(233)] ReadMemory at 0x73c90000 of 64 bytes failed: 仅完成部分的 ReadProcessMemory 或 WriteProcessMemory 请求。 (0x12B)
[0317/120154.248:WARNING:pe_image_reader.cc(281)] could not read dos header from C:\Windows\System32\SspiCli.dll
[0317/120154.248:ERROR:process_reader_win.cc(233)] ReadMemory at 0x73f90000 of 64 bytes failed: 仅完成部分的 ReadProcessMemory 或 WriteProcessMemory 请求。 (0x12B)
[0317/120154.248:WARNING:pe_image_reader.cc(281)] could not read dos header from C:\Windows\System32\RPCRT4.dll
[0317/120154.248:ERROR:process_reader_win.cc(233)] ReadMemory at 0x75be0000 of 64 bytes failed: 仅完成部分的 ReadProcessMemory 或 WriteProcessMemory 请求。 (0x12B)
[0317/120154.248:WARNING:pe_image_reader.cc(281)] could not read dos header from C:\Windows\System32\sechost.dll
[0317/120154.248:ERROR:process_reader_win.cc(233)] ReadMemory at 0x76650000 of 64 bytes failed: 仅完成部分的 ReadProcessMemory 或 WriteProcessMemory 请求。 (0x12B)
[0317/120154.248:WARNING:pe_image_reader.cc(281)] could not read dos header from C:\Windows\System32\ucrtbase.dll
[0317/120154.248:ERROR:process_reader_win.cc(233)] ReadMemory at 0x767c0000 of 64 bytes failed: 仅完成部分的 ReadProcessMemory 或 WriteProcessMemory 请求。 (0x12B)
[0317/120154.248:WARNING:pe_image_reader.cc(281)] could not read dos header from C:\Windows\System32\combase.dll
[0317/120154.248:ERROR:process_reader_win.cc(233)] ReadMemory at 0x75900000 of 64 bytes failed: 仅完成部分的 ReadProcessMemory 或 WriteProcessMemory 请求。 (0x12B)
[0317/120154.248:WARNING:pe_image_reader.cc(281)] could not read dos header from C:\Windows\System32\win32u.dll
[0317/120154.248:ERROR:process_reader_win.cc(233)] ReadMemory at 0x75c80000 of 64 bytes failed: 仅完成部分的 ReadProcessMemory 或 WriteProcessMemory 请求。 (0x12B)
[0317/120154.248:WARNING:pe_image_reader.cc(281)] could not read dos header from C:\Windows\System32\USER32.dll
[0317/120154.248:ERROR:process_reader_win.cc(233)] ReadMemory at 0x73da0000 of 64 bytes failed: 仅完成部分的 ReadProcessMemory 或 WriteProcessMemory 请求。 (0x12B)
[0317/120154.248:WARNING:pe_image_reader.cc(281)] could not read dos header from C:\Windows\System32\gdi32full.dll
[0317/120154.248:ERROR:process_reader_win.cc(233)] ReadMemory at 0x75f60000 of 64 bytes failed: 仅完成部分的 ReadProcessMemory 或 WriteProcessMemory 请求。 (0x12B)
[0317/120154.248:WARNING:pe_image_reader.cc(281)] could not read dos header from C:\Windows\System32\GDI32.dll
[0317/120154.248:ERROR:process_reader_win.cc(233)] ReadMemory at 0x769f0000 of 64 bytes failed: 仅完成部分的 ReadProcessMemory 或 WriteProcessMemory 请求。 (0x12B)
[0317/120154.248:WARNING:pe_image_reader.cc(281)] could not read dos header from C:\Windows\System32\IMM32.DLL
[0317/120154.248:ERROR:process_reader_win.cc(233)] ReadMemory at 0x76090000 of 64 bytes failed: 仅完成部分的 ReadProcessMemory 或 WriteProcessMemory 请求。 (0x12B)
[0317/120154.248:WARNING:pe_image_reader.cc(281)] could not read dos header from C:\Windows\System32\SHLWAPI.dll
[0317/120154.248:ERROR:process_reader_win.cc(233)] ReadMemory at 0x6a960000 of 64 bytes failed: 仅完成部分的 ReadProcessMemory 或 WriteProcessMemory 请求。 (0x12B)
[0317/120154.248:WARNING:pe_image_reader.cc(281)] could not read dos header from C:\Windows\SYSTEM32\UxTheme.dll
[0317/120154.248:ERROR:process_reader_win.cc(233)] ReadMemory at 0x74450000 of 64 bytes failed: 仅完成部分的 ReadProcessMemory 或 WriteProcessMemory 请求。 (0x12B)
[0317/120154.248:WARNING:pe_image_reader.cc(281)] could not read dos header from C:\Windows\System32\cfgmgr32.dll
[0317/120154.248:ERROR:process_reader_win.cc(233)] ReadMemory at 0x73830000 of 64 bytes failed: 仅完成部分的 ReadProcessMemory 或 WriteProcessMemory 请求。 (0x12B)
[0317/120154.248:WARNING:pe_image_reader.cc(281)] could not read dos header from C:\Windows\SYSTEM32\WINMMBASE.dll
[0317/120154.248:ERROR:process_reader_win.cc(233)] ReadMemory at 0x73860000 of 64 bytes failed: 仅完成部分的 ReadProcessMemory 或 WriteProcessMemory 请求。 (0x12B)
[0317/120154.248:WARNING:pe_image_reader.cc(281)] could not read dos header from C:\Windows\SYSTEM32\WINMM.dll
[0317/120154.248:ERROR:process_reader_win.cc(233)] ReadMemory at 0x73730000 of 64 bytes failed: 仅完成部分的 ReadProcessMemory 或 WriteProcessMemory 请求。 (0x12B)
[0317/120154.248:WARNING:pe_image_reader.cc(281)] could not read dos header from C:\Windows\SYSTEM32\samcli.dll
[0317/120154.248:ERROR:process_reader_win.cc(233)] ReadMemory at 0x73cb0000 of 64 bytes failed: 仅完成部分的 ReadProcessMemory 或 WriteProcessMemory 请求。 (0x12B)
[0317/120154.248:WARNING:pe_image_reader.cc(281)] could not read dos header from C:\Windows\System32\ole32.dll
[0317/120154.248:ERROR:process_reader_win.cc(233)] ReadMemory at 0x75b40000 of 64 bytes failed: 仅完成部分的 ReadProcessMemory 或 WriteProcessMemory 请求。 (0x12B)
[0317/120154.248:WARNING:pe_image_reader.cc(281)] could not read dos header from C:\Windows\System32\OLEAUT32.dll
[0317/120154.248:ERROR:process_reader_win.cc(233)] ReadMemory at 0x743d0000 of 64 bytes failed: 仅完成部分的 ReadProcessMemory 或 WriteProcessMemory 请求。 (0x12B)
[0317/120154.248:WARNING:pe_image_reader.cc(281)] could not read dos header from C:\Windows\System32\advapi32.dll
[0317/120154.248:ERROR:process_reader_win.cc(233)] ReadMemory at 0x630e0000 of 64 bytes failed: 仅完成部分的 ReadProcessMemory 或 WriteProcessMemory 请求。 (0x12B)
[0317/120154.248:WARNING:pe_image_reader.cc(281)] could not read dos header from C:\Windows\SYSTEM32\MSACM32.dll
[0317/120154.248:ERROR:process_reader_win.cc(233)] ReadMemory at 0x73c70000 of 64 bytes failed: 仅完成部分的 ReadProcessMemory 或 WriteProcessMemory 请求。 (0x12B)
[0317/120154.248:WARNING:pe_image_reader.cc(281)] could not read dos header from C:\Windows\SYSTEM32\VERSION.dll
[0317/120154.248:ERROR:process_reader_win.cc(233)] ReadMemory at 0x75c30000 of 64 bytes failed: 仅完成部分的 ReadProcessMemory 或 WriteProcessMemory 请求。 (0x12B)
[0317/120154.248:WARNING:pe_image_reader.cc(281)] could not read dos header from C:\Windows\System32\powrprof.dll
[0317/120154.248:ERROR:process_reader_win.cc(233)] ReadMemory at 0x75920000 of 64 bytes failed: 仅完成部分的 ReadProcessMemory 或 WriteProcessMemory 请求。 (0x12B)
[0317/120154.248:WARNING:pe_image_reader.cc(281)] could not read dos header from C:\Windows\System32\kernel.appcore.dll
[0317/120154.248:ERROR:process_reader_win.cc(233)] ReadMemory at 0x73f00000 of 64 bytes failed: 仅完成部分的 ReadProcessMemory 或 WriteProcessMemory 请求。 (0x12B)
[0317/120154.248:WARNING:pe_image_reader.cc(281)] could not read dos header from C:\Windows\System32\shcore.dll
[0317/120154.248:ERROR:process_reader_win.cc(233)] ReadMemory at 0x75f90000 of 64 bytes failed: 仅完成部分的 ReadProcessMemory 或 WriteProcessMemory 请求。 (0x12B)
[0317/120154.248:WARNING:pe_image_reader.cc(281)] could not read dos header from C:\Windows\System32\profapi.dll
[0317/120154.248:ERROR:process_reader_win.cc(233)] ReadMemory at 0x76be0000 of 64 bytes failed: 仅完成部分的 ReadProcessMemory 或 WriteProcessMemory 请求。 (0x12B)
[0317/120154.248:WARNING:pe_image_reader.cc(281)] could not read dos header from C:\Windows\System32\windows.storage.dll
[0317/120154.248:ERROR:process_reader_win.cc(233)] ReadMemory at 0x74520000 of 64 bytes failed: 仅完成部分的 ReadProcessMemory 或 WriteProcessMemory 请求。 (0x12B)
[0317/120154.248:WARNING:pe_image_reader.cc(281)] could not read dos header from C:\Windows\System32\SHELL32.dll
[0317/120154.248:ERROR:process_reader_win.cc(233)] ReadMemory at 0x73c40000 of 64 bytes failed: 仅完成部分的 ReadProcessMemory 或 WriteProcessMemory 请求。 (0x12B)
[0317/120154.248:WARNING:pe_image_reader.cc(281)] could not read dos header from C:\Windows\SYSTEM32\USERENV.dll
[0317/120154.248:ERROR:process_reader_win.cc(233)] ReadMemory at 0x6a180000 of 64 bytes failed: 仅完成部分的 ReadProcessMemory 或 WriteProcessMemory 请求。 (0x12B)
[0317/120154.248:WARNING:pe_image_reader.cc(281)] could not read dos header from C:\Windows\SYSTEM32\dwmapi.dll
[0317/120154.248:ERROR:process_reader_win.cc(233)] ReadMemory at 0x6f200000 of 64 bytes failed: 仅完成部分的 ReadProcessMemory 或 WriteProcessMemory 请求。 (0x12B)
[0317/120154.248:WARNING:pe_image_reader.cc(281)] could not read dos header from C:\Windows\SYSTEM32\iertutil.dll
[0317/120154.248:ERROR:process_reader_win.cc(233)] ReadMemory at 0x6f430000 of 64 bytes failed: 仅完成部分的 ReadProcessMemory 或 WriteProcessMemory 请求。 (0x12B)
[0317/120154.248:WARNING:pe_image_reader.cc(281)] could not read dos header from C:\Windows\SYSTEM32\urlmon.dll
[0317/120154.248:ERROR:process_reader_win.cc(233)] ReadMemory at 0x71730000 of 64 bytes failed: 仅完成部分的 ReadProcessMemory 或 WriteProcessMemory 请求。 (0x12B)
[0317/120154.248:WARNING:pe_image_reader.cc(281)] could not read dos header from C:\Windows\SYSTEM32\bcrypt.dll
[0317/120154.248:ERROR:process_reader_win.cc(233)] ReadMemory at 0x69dd0000 of 64 bytes failed: 仅完成部分的 ReadProcessMemory 或 WriteProcessMemory 请求。 (0x12B)
[0317/120154.248:WARNING:pe_image_reader.cc(281)] could not read dos header from C:\Windows\SYSTEM32\WINSPOOL.DRV
[0317/120154.248:ERROR:process_reader_win.cc(233)] ReadMemory at 0x69e40000 of 64 bytes failed: 仅完成部分的 ReadProcessMemory 或 WriteProcessMemory 请求。 (0x12B)
[0317/120154.248:WARNING:pe_image_reader.cc(281)] could not read dos header from C:\Windows\SYSTEM32\MPR.dll
[0317/120154.248:ERROR:process_reader_win.cc(233)] ReadMemory at 0x573f0000 of 64 bytes failed: 仅完成部分的 ReadProcessMemory 或 WriteProcessMemory 请求。 (0x12B)
[0317/120154.248:WARNING:pe_image_reader.cc(281)] could not read dos header from C:\Program Files (x86)\Google\Chrome\Application\56.0.2924.87\chrome_elf.dll
[0317/120154.248:ERROR:process_reader_win.cc(233)] ReadMemory at 0x76a20000 of 64 bytes failed: 仅完成部分的 ReadProcessMemory 或 WriteProcessMemory 请求。 (0x12B)
[0317/120154.248:WARNING:pe_image_reader.cc(281)] could not read dos header from C:\Windows\System32\PSAPI.DLL
[0317/120154.248:ERROR:process_reader_win.cc(233)] ReadMemory at 0x73c60000 of 64 bytes failed: 仅完成部分的 ReadProcessMemory 或 WriteProcessMemory 请求。 (0x12B)
[0317/120154.248:WARNING:pe_image_reader.cc(281)] could not read dos header from C:\Windows\SYSTEM32\WTSAPI32.dll
[0317/120154.248:ERROR:process_reader_win.cc(233)] ReadMemory at 0x72310000 of 64 bytes failed: 仅完成部分的 ReadProcessMemory 或 WriteProcessMemory 请求。 (0x12B)
[0317/120154.248:WARNING:pe_image_reader.cc(281)] could not read dos header from C:\Windows\SYSTEM32\WINHTTP.dll
[0317/120154.248:ERROR:process_reader_win.cc(233)] ReadMemory at 0x5b290000 of 64 bytes failed: 仅完成部分的 ReadProcessMemory 或 WriteProcessMemory 请求。 (0x12B)
[0317/120154.248:WARNING:pe_image_reader.cc(281)] could not read dos header from C:\Windows\SYSTEM32\ninput.dll
[0317/120154.248:ERROR:process_reader_win.cc(233)] ReadMemory at 0x76a30000 of 64 bytes failed: 仅完成部分的 ReadProcessMemory 或 WriteProcessMemory 请求。 (0x12B)
[0317/120154.248:WARNING:pe_image_reader.cc(281)] could not read dos header from C:\Windows\System32\WS2_32.dll
[0317/120154.248:ERROR:process_reader_win.cc(233)] ReadMemory at 0x73b30000 of 64 bytes failed: 仅完成部分的 ReadProcessMemory 或 WriteProcessMemory 请求。 (0x12B)
[0317/120154.248:WARNING:pe_image_reader.cc(281)] could not read dos header from C:\Windows\SYSTEM32\NETAPI32.dll
[0317/120154.248:ERROR:process_reader_win.cc(233)] ReadMemory at 0x71940000 of 64 bytes failed: 仅完成部分的 ReadProcessMemory 或 WriteProcessMemory 请求。 (0x12B)
[0317/120154.248:WARNING:pe_image_reader.cc(281)] could not read dos header from C:\Windows\SYSTEM32\WKSCLI.DLL
[0317/120154.248:ERROR:process_reader_win.cc(233)] ReadMemory at 0x73720000 of 64 bytes failed: 仅完成部分的 ReadProcessMemory 或 WriteProcessMemory 请求。 (0x12B)
[0317/120154.248:WARNING:pe_image_reader.cc(281)] could not read dos header from C:\Windows\SYSTEM32\NETUTILS.DLL
[0317/120154.248:ERROR:process_reader_win.cc(233)] ReadMemory at 0x69340000 of 64 bytes failed: 仅完成部分的 ReadProcessMemory 或 WriteProcessMemory 请求。 (0x12B)
[0317/120154.248:WARNING:pe_image_reader.cc(281)] could not read dos header from D:\Program Files (x86)\360\360Safe\safemon\safemon.dll
[0317/120154.248:ERROR:process_reader_win.cc(233)] ReadMemory at 0x596a0000 of 64 bytes failed: 仅完成部分的 ReadProcessMemory 或 WriteProcessMemory 请求。 (0x12B)
[0317/120154.248:WARNING:pe_image_reader.cc(281)] could not read dos header from D:\Program Files (x86)\360\360Safe\safemon\iNetSafe.dll
[0317/120154.248:ERROR:process_reader_win.cc(233)] ReadMemory at 0x67df0000 of 64 bytes failed: 仅完成部分的 ReadProcessMemory 或 WriteProcessMemory 请求。 (0x12B)
[0317/120154.248:WARNING:pe_image_reader.cc(281)] could not read dos header from C:\Windows\WinSxS\x86_microsoft.windows.common-controls_6595b64144ccf1df_6.0.14393.0_none_74bc87d3d22d9abe\COMCTL32.dll
[0317/120154.248:ERROR:process_reader_win.cc(233)] ReadMemory at 0x75fa0000 of 64 bytes failed: 仅完成部分的 ReadProcessMemory 或 WriteProcessMemory 请求。 (0x12B)
[0317/120154.248:WARNING:pe_image_reader.cc(281)] could not read dos header from C:\Windows\System32\COMDLG32.dll
[0317/120154.248:ERROR:process_reader_win.cc(233)] ReadMemory at 0x723b0000 of 64 bytes failed: 仅完成部分的 ReadProcessMemory 或 WriteProcessMemory 请求。 (0x12B)
[0317/120154.248:WARNING:pe_image_reader.cc(281)] could not read dos header from C:\Windows\SYSTEM32\dbghelp.dll
[0317/120154.248:ERROR:process_reader_win.cc(233)] ReadMemory at 0x651f0000 of 64 bytes failed: 仅完成部分的 ReadProcessMemory 或 WriteProcessMemory 请求。 (0x12B)
[0317/120154.248:WARNING:pe_image_reader.cc(281)] could not read dos header from C:\Windows\SYSTEM32\USP10.dll
[0317/120154.248:ERROR:process_reader_win.cc(233)] ReadMemory at 0x73b00000 of 64 bytes failed: 仅完成部分的 ReadProcessMemory 或 WriteProcessMemory 请求。 (0x12B)
[0317/120154.248:WARNING:pe_image_reader.cc(281)] could not read dos header from C:\Windows\SYSTEM32\IPHLPAPI.DLL
[0317/120154.248:ERROR:process_reader_win.cc(233)] ReadMemory at 0x737e0000 of 64 bytes failed: 仅完成部分的 ReadProcessMemory 或 WriteProcessMemory 请求。 (0x12B)
[0317/120154.248:WARNING:pe_image_reader.cc(281)] could not read dos header from C:\Windows\SYSTEM32\Secur32.dll
[0317/120154.248:ERROR:process_reader_win.cc(233)] ReadMemory at 0x67bf0000 of 64 bytes failed: 仅完成部分的 ReadProcessMemory 或 WriteProcessMemory 请求。 (0x12B)
[0317/120154.248:WARNING:pe_image_reader.cc(281)] could not read dos header from C:\Windows\SYSTEM32\DWrite.dll
[0317/120154.248:ERROR:process_reader_win.cc(233)] ReadMemory at 0x56640000 of 64 bytes failed: 仅完成部分的 ReadProcessMemory 或 WriteProcessMemory 请求。 (0x12B)
[0317/120154.248:WARNING:pe_image_reader.cc(281)] could not read dos header from C:\Windows\SYSTEM32\FONTSUB.dll
[0317/120154.248:ERROR:process_reader_win.cc(233)] ReadMemory at 0x76bd0000 of 64 bytes failed: 仅完成部分的 ReadProcessMemory 或 WriteProcessMemory 请求。 (0x12B)
[0317/120154.248:WARNING:pe_image_reader.cc(281)] could not read dos header from C:\Windows\System32\MSASN1.dll
[0317/120154.248:ERROR:process_reader_win.cc(233)] ReadMemory at 0x75de0000 of 64 bytes failed: 仅完成部分的 ReadProcessMemory 或 WriteProcessMemory 请求。 (0x12B)
[0317/120154.248:WARNING:pe_image_reader.cc(281)] could not read dos header from C:\Windows\System32\CRYPT32.dll
[0317/120154.248:ERROR:process_reader_win.cc(233)] ReadMemory at 0x76aa0000 of 64 bytes failed: 仅完成部分的 ReadProcessMemory 或 WriteProcessMemory 请求。 (0x12B)
[0317/120154.248:WARNING:pe_image_reader.cc(281)] could not read dos header from C:\Windows\System32\WINTRUST.dll
[0317/120154.248:ERROR:process_reader_win.cc(233)] ReadMemory at 0xf480000 of 64 bytes failed: 仅完成部分的 ReadProcessMemory 或 WriteProcessMemory 请求。 (0x12B)
[0317/120154.248:WARNING:pe_image_reader.cc(281)] could not read dos header from C:\Program Files (x86)\Google\Chrome\Application\56.0.2924.87\chrome_child.dll
[0317/120154.248:ERROR:process_reader_win.cc(233)] ReadMemory at 0x200000 of 64 bytes failed: 仅完成部分的 ReadProcessMemory 或 WriteProcessMemory 请求。 (0x12B)
[0317/120154.248:WARNING:pe_image_reader.cc(281)] could not read dos header from C:\Program Files (x86)\Google\Chrome\Application\chrome.exe
[0317/120154.248:ERROR:process_reader_win.cc(233)] ReadMemory at 0x75990000 of 64 bytes failed: 仅完成部分的 ReadProcessMemory 或 WriteProcessMemory 请求。 (0x12B)
[0317/120154.248:WARNING:pe_image_reader.cc(281)] could not read dos header from C:\Windows\System32\KERNELBASE.dll
[0317/120154.248:ERROR:process_reader_win.cc(233)] ReadMemory at 0x76af0000 of 64 bytes failed: 仅完成部分的 ReadProcessMemory 或 WriteProcessMemory 请求。 (0x12B)
[0317/120154.248:WARNING:pe_image_reader.cc(281)] could not read dos header from C:\Windows\System32\KERNEL32.DLL
[0317/120154.248:ERROR:process_reader_win.cc(233)] ReadMemory at 0x53110000 of 64 bytes failed: 仅完成部分的 ReadProcessMemory 或 WriteProcessMemory 请求。 (0x12B)
[0317/120154.248:WARNING:pe_image_reader.cc(281)] could not read dos header from C:\Windows\AppPatch\AcGenral.dll
[0317/120154.248:ERROR:process_reader_win.cc(233)] ReadMemory at 0x77150000 of 64 bytes failed: 仅完成部分的 ReadProcessMemory 或 WriteProcessMemory 请求。 (0x12B)
[0317/120154.248:WARNING:pe_image_reader.cc(281)] could not read dos header from C:\Windows\SYSTEM32\ntdll.dll
[0317/120154.248:ERROR:process_reader_win.cc(233)] ReadMemory at 0x6a0e0000 of 64 bytes failed: 仅完成部分的 ReadProcessMemory 或 WriteProcessMemory 请求。 (0x12B)
[0317/120154.248:WARNING:pe_image_reader.cc(281)] could not read dos header from C:\Windows\system32\apphelp.dll
[0317/120154.248:ERROR:process_reader_win.cc(233)] ReadMemory at 0x74060000 of 64 bytes failed: 仅完成部分的 ReadProcessMemory 或 WriteProcessMemory 请求。 (0x12B)
[0317/120154.248:WARNING:pe_image_reader.cc(281)] could not read dos header from C:\Windows\System32\msvcrt.dll
[0317/120154.248:ERROR:process_reader_win.cc(233)] ReadMemory at 0x76550000 of 64 bytes failed: 仅完成部分的 ReadProcessMemory 或 WriteProcessMemory 请求。 (0x12B)
[0317/120154.248:WARNING:pe_image_reader.cc(281)] could not read dos header from C:\Windows\System32\bcryptPrimitives.dll
[0317/120154.248:ERROR:process_reader_win.cc(233)] ReadMemory at 0x73c80000 of 64 bytes failed: 仅完成部分的 ReadProcessMemory 或 WriteProcessMemory 请求。 (0x12B)
[0317/120154.248:WARNING:pe_image_reader.cc(281)] could not read dos header from C:\Windows\System32\CRYPTBASE.dll
[0317/120154.248:ERROR:process_reader_win.cc(233)] ReadMemory at 0x73c90000 of 64 bytes failed: 仅完成部分的 ReadProcessMemory 或 WriteProcessMemory 请求。 (0x12B)
[0317/120154.248:WARNING:pe_image_reader.cc(281)] could not read dos header from C:\Windows\System32\SspiCli.dll
[0317/120154.248:ERROR:process_reader_win.cc(233)] ReadMemory at 0x73f90000 of 64 bytes failed: 仅完成部分的 ReadProcessMemory 或 WriteProcessMemory 请求。 (0x12B)
[0317/120154.248:WARNING:pe_image_reader.cc(281)] could not read dos header from C:\Windows\System32\RPCRT4.dll
[0317/120154.248:ERROR:process_reader_win.cc(233)] ReadMemory at 0x75be0000 of 64 bytes failed: 仅完成部分的 ReadProcessMemory 或 WriteProcessMemory 请求。 (0x12B)
[0317/120154.248:WARNING:pe_image_reader.cc(281)] could not read dos header from C:\Windows\System32\sechost.dll
[0317/120154.248:ERROR:process_reader_win.cc(233)] ReadMemory at 0x76650000 of 64 bytes failed: 仅完成部分的 ReadProcessMemory 或 WriteProcessMemory 请求。 (0x12B)
[0317/120154.248:WARNING:pe_image_reader.cc(281)] could not read dos header from C:\Windows\System32\ucrtbase.dll
[0317/120154.248:ERROR:process_reader_win.cc(233)] ReadMemory at 0x767c0000 of 64 bytes failed: 仅完成部分的 ReadProcessMemory 或 WriteProcessMemory 请求。 (0x12B)
[0317/120154.248:WARNING:pe_image_reader.cc(281)] could not read dos header from C:\Windows\System32\combase.dll
[0317/120154.248:ERROR:process_reader_win.cc(233)] ReadMemory at 0x75900000 of 64 bytes failed: 仅完成部分的 ReadProcessMemory 或 WriteProcessMemory 请求。 (0x12B)
[0317/120154.248:WARNING:pe_image_reader.cc(281)] could not read dos header from C:\Windows\System32\win32u.dll
[0317/120154.248:ERROR:process_reader_win.cc(233)] ReadMemory at 0x75c80000 of 64 bytes failed: 仅完成部分的 ReadProcessMemory 或 WriteProcessMemory 请求。 (0x12B)
[0317/120154.248:WARNING:pe_image_reader.cc(281)] could not read dos header from C:\Windows\System32\USER32.dll
[0317/120154.248:ERROR:process_reader_win.cc(233)] ReadMemory at 0x73da0000 of 64 bytes failed: 仅完成部分的 ReadProcessMemory 或 WriteProcessMemory 请求。 (0x12B)
[0317/120154.248:WARNING:pe_image_reader.cc(281)] could not read dos header from C:\Windows\System32\gdi32full.dll
[0317/120154.248:ERROR:process_reader_win.cc(233)] ReadMemory at 0x75f60000 of 64 bytes failed: 仅完成部分的 ReadProcessMemory 或 WriteProcessMemory 请求。 (0x12B)
[0317/120154.248:WARNING:pe_image_reader.cc(281)] could not read dos header from C:\Windows\System32\GDI32.dll
[0317/120154.248:ERROR:process_reader_win.cc(233)] ReadMemory at 0x769f0000 of 64 bytes failed: 仅完成部分的 ReadProcessMemory 或 WriteProcessMemory 请求。 (0x12B)
[0317/120154.248:WARNING:pe_image_reader.cc(281)] could not read dos header from C:\Windows\System32\IMM32.DLL
[0317/120154.248:ERROR:process_reader_win.cc(233)] ReadMemory at 0x76090000 of 64 bytes failed: 仅完成部分的 ReadProcessMemory 或 WriteProcessMemory 请求。 (0x12B)
[0317/120154.248:WARNING:pe_image_reader.cc(281)] could not read dos header from C:\Windows\System32\SHLWAPI.dll
[0317/120154.248:ERROR:process_reader_win.cc(233)] ReadMemory at 0x6a960000 of 64 bytes failed: 仅完成部分的 ReadProcessMemory 或 WriteProcessMemory 请求。 (0x12B)
[0317/120154.248:WARNING:pe_image_reader.cc(281)] could not read dos header from C:\Windows\SYSTEM32\UxTheme.dll
[0317/120154.248:ERROR:process_reader_win.cc(233)] ReadMemory at 0x74450000 of 64 bytes failed: 仅完成部分的 ReadProcessMemory 或 WriteProcessMemory 请求。 (0x12B)
[0317/120154.248:WARNING:pe_image_reader.cc(281)] could not read dos header from C:\Windows\System32\cfgmgr32.dll
[0317/120154.248:ERROR:process_reader_win.cc(233)] ReadMemory at 0x73830000 of 64 bytes failed: 仅完成部分的 ReadProcessMemory 或 WriteProcessMemory 请求。 (0x12B)
[0317/120154.248:WARNING:pe_image_reader.cc(281)] could not read dos header from C:\Windows\SYSTEM32\WINMMBASE.dll
[0317/120154.248:ERROR:process_reader_win.cc(233)] ReadMemory at 0x73860000 of 64 bytes failed: 仅完成部分的 ReadProcessMemory 或 WriteProcessMemory 请求。 (0x12B)
[0317/120154.248:WARNING:pe_image_reader.cc(281)] could not read dos header from C:\Windows\SYSTEM32\WINMM.dll
[0317/120154.248:ERROR:process_reader_win.cc(233)] ReadMemory at 0x73730000 of 64 bytes failed: 仅完成部分的 ReadProcessMemory 或 WriteProcessMemory 请求。 (0x12B)
[0317/120154.248:WARNING:pe_image_reader.cc(281)] could not read dos header from C:\Windows\SYSTEM32\samcli.dll
[0317/120154.248:ERROR:process_reader_win.cc(233)] ReadMemory at 0x73cb0000 of 64 bytes failed: 仅完成部分的 ReadProcessMemory 或 WriteProcessMemory 请求。 (0x12B)
[0317/120154.248:WARNING:pe_image_reader.cc(281)] could not read dos header from C:\Windows\System32\ole32.dll
[0317/120154.248:ERROR:process_reader_win.cc(233)] ReadMemory at 0x75b40000 of 64 bytes failed: 仅完成部分的 ReadProcessMemory 或 WriteProcessMemory 请求。 (0x12B)
[0317/120154.248:WARNING:pe_image_reader.cc(281)] could not read dos header from C:\Windows\System32\OLEAUT32.dll
[0317/120154.248:ERROR:process_reader_win.cc(233)] ReadMemory at 0x743d0000 of 64 bytes failed: 仅完成部分的 ReadProcessMemory 或 WriteProcessMemory 请求。 (0x12B)
[0317/120154.248:WARNING:pe_image_reader.cc(281)] could not read dos header from C:\Windows\System32\advapi32.dll
[0317/120154.248:ERROR:process_reader_win.cc(233)] ReadMemory at 0x630e0000 of 64 bytes failed: 仅完成部分的 ReadProcessMemory 或 WriteProcessMemory 请求。 (0x12B)
[0317/120154.248:WARNING:pe_image_reader.cc(281)] could not read dos header from C:\Windows\SYSTEM32\MSACM32.dll
[0317/120154.248:ERROR:process_reader_win.cc(233)] ReadMemory at 0x73c70000 of 64 bytes failed: 仅完成部分的 ReadProcessMemory 或 WriteProcessMemory 请求。 (0x12B)
[0317/120154.248:WARNING:pe_image_reader.cc(281)] could not read dos header from C:\Windows\SYSTEM32\VERSION.dll
[0317/120154.248:ERROR:process_reader_win.cc(233)] ReadMemory at 0x75c30000 of 64 bytes failed: 仅完成部分的 ReadProcessMemory 或 WriteProcessMemory 请求。 (0x12B)
[0317/120154.248:WARNING:pe_image_reader.cc(281)] could not read dos header from C:\Windows\System32\powrprof.dll
[0317/120154.248:ERROR:process_reader_win.cc(233)] ReadMemory at 0x75920000 of 64 bytes failed: 仅完成部分的 ReadProcessMemory 或 WriteProcessMemory 请求。 (0x12B)
[0317/120154.248:WARNING:pe_image_reader.cc(281)] could not read dos header from C:\Windows\System32\kernel.appcore.dll
[0317/120154.248:ERROR:process_reader_win.cc(233)] ReadMemory at 0x73f00000 of 64 bytes failed: 仅完成部分的 ReadProcessMemory 或 WriteProcessMemory 请求。 (0x12B)
[0317/120154.248:WARNING:pe_image_reader.cc(281)] could not read dos header from C:\Windows\System32\shcore.dll
[0317/120154.248:ERROR:process_reader_win.cc(233)] ReadMemory at 0x75f90000 of 64 bytes failed: 仅完成部分的 ReadProcessMemory 或 WriteProcessMemory 请求。 (0x12B)
[0317/120154.248:WARNING:pe_image_reader.cc(281)] could not read dos header from C:\Windows\System32\profapi.dll
[0317/120154.248:ERROR:process_reader_win.cc(233)] ReadMemory at 0x76be0000 of 64 bytes failed: 仅完成部分的 ReadProcessMemory 或 WriteProcessMemory 请求。 (0x12B)
[0317/120154.248:WARNING:pe_image_reader.cc(281)] could not read dos header from C:\Windows\System32\windows.storage.dll
[0317/120154.248:ERROR:process_reader_win.cc(233)] ReadMemory at 0x74520000 of 64 bytes failed: 仅完成部分的 ReadProcessMemory 或 WriteProcessMemory 请求。 (0x12B)
[0317/120154.248:WARNING:pe_image_reader.cc(281)] could not read dos header from C:\Windows\System32\SHELL32.dll
[0317/120154.248:ERROR:process_reader_win.cc(233)] ReadMemory at 0x73c40000 of 64 bytes failed: 仅完成部分的 ReadProcessMemory 或 WriteProcessMemory 请求。 (0x12B)
[0317/120154.248:WARNING:pe_image_reader.cc(281)] could not read dos header from C:\Windows\SYSTEM32\USERENV.dll
[0317/120154.248:ERROR:process_reader_win.cc(233)] ReadMemory at 0x6a180000 of 64 bytes failed: 仅完成部分的 ReadProcessMemory 或 WriteProcessMemory 请求。 (0x12B)
[0317/120154.248:WARNING:pe_image_reader.cc(281)] could not read dos header from C:\Windows\SYSTEM32\dwmapi.dll
[0317/120154.248:ERROR:process_reader_win.cc(233)] ReadMemory at 0x6f200000 of 64 bytes failed: 仅完成部分的 ReadProcessMemory 或 WriteProcessMemory 请求。 (0x12B)
[0317/120154.248:WARNING:pe_image_reader.cc(281)] could not read dos header from C:\Windows\SYSTEM32\iertutil.dll
[0317/120154.248:ERROR:process_reader_win.cc(233)] ReadMemory at 0x6f430000 of 64 bytes failed: 仅完成部分的 ReadProcessMemory 或 WriteProcessMemory 请求。 (0x12B)
[0317/120154.248:WARNING:pe_image_reader.cc(281)] could not read dos header from C:\Windows\SYSTEM32\urlmon.dll
[0317/120154.248:ERROR:process_reader_win.cc(233)] ReadMemory at 0x71730000 of 64 bytes failed: 仅完成部分的 ReadProcessMemory 或 WriteProcessMemory 请求。 (0x12B)
[0317/120154.248:WARNING:pe_image_reader.cc(281)] could not read dos header from C:\Windows\SYSTEM32\bcrypt.dll
[0317/120154.248:ERROR:process_reader_win.cc(233)] ReadMemory at 0x69dd0000 of 64 bytes failed: 仅完成部分的 ReadProcessMemory 或 WriteProcessMemory 请求。 (0x12B)
[0317/120154.248:WARNING:pe_image_reader.cc(281)] could not read dos header from C:\Windows\SYSTEM32\WINSPOOL.DRV
[0317/120154.248:ERROR:process_reader_win.cc(233)] ReadMemory at 0x69e40000 of 64 bytes failed: 仅完成部分的 ReadProcessMemory 或 WriteProcessMemory 请求。 (0x12B)
[0317/120154.248:WARNING:pe_image_reader.cc(281)] could not read dos header from C:\Windows\SYSTEM32\MPR.dll
[0317/120154.248:ERROR:process_reader_win.cc(233)] ReadMemory at 0x573f0000 of 64 bytes failed: 仅完成部分的 ReadProcessMemory 或 WriteProcessMemory 请求。 (0x12B)
[0317/120154.248:WARNING:pe_image_reader.cc(281)] could not read dos header from C:\Program Files (x86)\Google\Chrome\Application\56.0.2924.87\chrome_elf.dll
[0317/120154.248:ERROR:process_reader_win.cc(233)] ReadMemory at 0x76a20000 of 64 bytes failed: 仅完成部分的 ReadProcessMemory 或 WriteProcessMemory 请求。 (0x12B)
[0317/120154.248:WARNING:pe_image_reader.cc(281)] could not read dos header from C:\Windows\System32\PSAPI.DLL
[0317/120154.248:ERROR:process_reader_win.cc(233)] ReadMemory at 0x73c60000 of 64 bytes failed: 仅完成部分的 ReadProcessMemory 或 WriteProcessMemory 请求。 (0x12B)
[0317/120154.248:WARNING:pe_image_reader.cc(281)] could not read dos header from C:\Windows\SYSTEM32\WTSAPI32.dll
[0317/120154.248:ERROR:process_reader_win.cc(233)] ReadMemory at 0x72310000 of 64 bytes failed: 仅完成部分的 ReadProcessMemory 或 WriteProcessMemory 请求。 (0x12B)
[0317/120154.248:WARNING:pe_image_reader.cc(281)] could not read dos header from C:\Windows\SYSTEM32\WINHTTP.dll
[0317/120154.248:ERROR:process_reader_win.cc(233)] ReadMemory at 0x5b290000 of 64 bytes failed: 仅完成部分的 ReadProcessMemory 或 WriteProcessMemory 请求。 (0x12B)
[0317/120154.248:WARNING:pe_image_reader.cc(281)] could not read dos header from C:\Windows\SYSTEM32\ninput.dll
[0317/120154.248:ERROR:process_reader_win.cc(233)] ReadMemory at 0x76a30000 of 64 bytes failed: 仅完成部分的 ReadProcessMemory 或 WriteProcessMemory 请求。 (0x12B)
[0317/120154.248:WARNING:pe_image_reader.cc(281)] could not read dos header from C:\Windows\System32\WS2_32.dll
[0317/120154.248:ERROR:process_reader_win.cc(233)] ReadMemory at 0x73b30000 of 64 bytes failed: 仅完成部分的 ReadProcessMemory 或 WriteProcessMemory 请求。 (0x12B)
[0317/120154.248:WARNING:pe_image_reader.cc(281)] could not read dos header from C:\Windows\SYSTEM32\NETAPI32.dll
[0317/120154.248:ERROR:process_reader_win.cc(233)] ReadMemory at 0x71940000 of 64 bytes failed: 仅完成部分的 ReadProcessMemory 或 WriteProcessMemory 请求。 (0x12B)
[0317/120154.248:WARNING:pe_image_reader.cc(281)] could not read dos header from C:\Windows\SYSTEM32\WKSCLI.DLL
[0317/120154.248:ERROR:process_reader_win.cc(233)] ReadMemory at 0x73720000 of 64 bytes failed: 仅完成部分的 ReadProcessMemory 或 WriteProcessMemory 请求。 (0x12B)
[0317/120154.248:WARNING:pe_image_reader.cc(281)] could not read dos header from C:\Windows\SYSTEM32\NETUTILS.DLL
[0317/120154.248:ERROR:process_reader_win.cc(233)] ReadMemory at 0x69340000 of 64 bytes failed: 仅完成部分的 ReadProcessMemory 或 WriteProcessMemory 请求。 (0x12B)
[0317/120154.248:WARNING:pe_image_reader.cc(281)] could not read dos header from D:\Program Files (x86)\360\360Safe\safemon\safemon.dll
[0317/120154.248:ERROR:process_reader_win.cc(233)] ReadMemory at 0x596a0000 of 64 bytes failed: 仅完成部分的 ReadProcessMemory 或 WriteProcessMemory 请求。 (0x12B)
[0317/120154.248:WARNING:pe_image_reader.cc(281)] could not read dos header from D:\Program Files (x86)\360\360Safe\safemon\iNetSafe.dll
[0317/120154.248:ERROR:process_reader_win.cc(233)] ReadMemory at 0x67df0000 of 64 bytes failed: 仅完成部分的 ReadProcessMemory 或 WriteProcessMemory 请求。 (0x12B)
[0317/120154.248:WARNING:pe_image_reader.cc(281)] could not read dos header from C:\Windows\WinSxS\x86_microsoft.windows.common-controls_6595b64144ccf1df_6.0.14393.0_none_74bc87d3d22d9abe\COMCTL32.dll
[0317/120154.248:ERROR:process_reader_win.cc(233)] ReadMemory at 0x75fa0000 of 64 bytes failed: 仅完成部分的 ReadProcessMemory 或 WriteProcessMemory 请求。 (0x12B)
[0317/120154.248:WARNING:pe_image_reader.cc(281)] could not read dos header from C:\Windows\System32\COMDLG32.dll
[0317/120154.248:ERROR:process_reader_win.cc(233)] ReadMemory at 0x723b0000 of 64 bytes failed: 仅完成部分的 ReadProcessMemory 或 WriteProcessMemory 请求。 (0x12B)
[0317/120154.248:WARNING:pe_image_reader.cc(281)] could not read dos header from C:\Windows\SYSTEM32\dbghelp.dll
[0317/120154.248:ERROR:process_reader_win.cc(233)] ReadMemory at 0x651f0000 of 64 bytes failed: 仅完成部分的 ReadProcessMemory 或 WriteProcessMemory 请求。 (0x12B)
[0317/120154.248:WARNING:pe_image_reader.cc(281)] could not read dos header from C:\Windows\SYSTEM32\USP10.dll
[0317/120154.248:ERROR:process_reader_win.cc(233)] ReadMemory at 0x73b00000 of 64 bytes failed: 仅完成部分的 ReadProcessMemory 或 WriteProcessMemory 请求。 (0x12B)
[0317/120154.248:WARNING:pe_image_reader.cc(281)] could not read dos header from C:\Windows\SYSTEM32\IPHLPAPI.DLL
[0317/120154.248:ERROR:process_reader_win.cc(233)] ReadMemory at 0x737e0000 of 64 bytes failed: 仅完成部分的 ReadProcessMemory 或 WriteProcessMemory 请求。 (0x12B)
[0317/120154.248:WARNING:pe_image_reader.cc(281)] could not read dos header from C:\Windows\SYSTEM32\Secur32.dll
[0317/120154.248:ERROR:process_reader_win.cc(233)] ReadMemory at 0x67bf0000 of 64 bytes failed: 仅完成部分的 ReadProcessMemory 或 WriteProcessMemory 请求。 (0x12B)
[0317/120154.248:WARNING:pe_image_reader.cc(281)] could not read dos header from C:\Windows\SYSTEM32\DWrite.dll
[0317/120154.248:ERROR:process_reader_win.cc(233)] ReadMemory at 0x56640000 of 64 bytes failed: 仅完成部分的 ReadProcessMemory 或 WriteProcessMemory 请求。 (0x12B)
[0317/120154.248:WARNING:pe_image_reader.cc(281)] could not read dos header from C:\Windows\SYSTEM32\FONTSUB.dll
[0317/120154.248:ERROR:process_reader_win.cc(233)] ReadMemory at 0x76bd0000 of 64 bytes failed: 仅完成部分的 ReadProcessMemory 或 WriteProcessMemory 请求。 (0x12B)
[0317/120154.248:WARNING:pe_image_reader.cc(281)] could not read dos header from C:\Windows\System32\MSASN1.dll
[0317/120154.248:ERROR:process_reader_win.cc(233)] ReadMemory at 0x75de0000 of 64 bytes failed: 仅完成部分的 ReadProcessMemory 或 WriteProcessMemory 请求。 (0x12B)
[0317/120154.248:WARNING:pe_image_reader.cc(281)] could not read dos header from C:\Windows\System32\CRYPT32.dll
[0317/120154.248:ERROR:process_reader_win.cc(233)] ReadMemory at 0x76aa0000 of 64 bytes failed: 仅完成部分的 ReadProcessMemory 或 WriteProcessMemory 请求。 (0x12B)
[0317/120154.248:WARNING:pe_image_reader.cc(281)] could not read dos header from C:\Windows\System32\WINTRUST.dll
[0317/120154.248:ERROR:process_reader_win.cc(233)] ReadMemory at 0xf480000 of 64 bytes failed: 仅完成部分的 ReadProcessMemory 或 WriteProcessMemory 请求。 (0x12B)
[0317/120154.248:WARNING:pe_image_reader.cc(281)] could not read dos header from C:\Program Files (x86)\Google\Chrome\Application\56.0.2924.87\chrome_child.dll
[0317/120154.263:ERROR:process_reader_win.cc(233)] ReadMemory at 0x46f5000 of 45056 bytes failed: 仅完成部分的 ReadProcessMemory 或 WriteProcessMemory 请求。 (0x12B)
[0317/120154.263:ERROR:crash_report_exception_handler.cc(111)] WriteEverything failed
[0317/120154.263:ERROR:scoped_process_suspend.cc(38)] NtResumeProcess: 已尝试访问正在退出的过程。  (0xc000010a)
[0514/173540.487:ERROR:process_reader_win.cc(233)] ReadMemory at 0x53e20000 of 64 bytes failed: 仅完成部分的 ReadProcessMemory 或 WriteProcessMemory 请求。 (0x12B)
[0514/173540.489:WARNING:pe_image_reader.cc(281)] could not read dos header from C:\Windows\SYSTEM32\ninput.dll
[0514/173540.489:ERROR:process_reader_win.cc(233)] ReadMemory at 0x74360000 of 64 bytes failed: 仅完成部分的 ReadProcessMemory 或 WriteProcessMemory 请求。 (0x12B)
[0514/173540.489:WARNING:pe_image_reader.cc(281)] could not read dos header from C:\Windows\SYSTEM32\NETAPI32.dll
[0514/173540.489:ERROR:process_reader_win.cc(233)] ReadMemory at 0x70310000 of 64 bytes failed: 仅完成部分的 ReadProcessMemory 或 WriteProcessMemory 请求。 (0x12B)
[0514/173540.489:WARNING:pe_image_reader.cc(281)] could not read dos header from C:\Windows\SYSTEM32\WKSCLI.DLL
[0514/173540.489:ERROR:process_reader_win.cc(233)] ReadMemory at 0x73ed0000 of 64 bytes failed: 仅完成部分的 ReadProcessMemory 或 WriteProcessMemory 请求。 (0x12B)
[0514/173540.489:WARNING:pe_image_reader.cc(281)] could not read dos header from C:\Windows\SYSTEM32\NETUTILS.DLL
[0514/173540.489:ERROR:process_reader_win.cc(233)] ReadMemory at 0x64240000 of 64 bytes failed: 仅完成部分的 ReadProcessMemory 或 WriteProcessMemory 请求。 (0x12B)
[0514/173540.489:WARNING:pe_image_reader.cc(281)] could not read dos header from D:\Program Files (x86)\360\360Safe\safemon\safemon.dll
[0514/173540.489:ERROR:process_reader_win.cc(233)] ReadMemory at 0x58aa0000 of 64 bytes failed: 仅完成部分的 ReadProcessMemory 或 WriteProcessMemory 请求。 (0x12B)
[0514/173540.489:WARNING:pe_image_reader.cc(281)] could not read dos header from D:\Program Files (x86)\360\360Safe\safemon\iNetSafe.dll
[0514/173540.489:ERROR:process_reader_win.cc(233)] ReadMemory at 0x6c220000 of 64 bytes failed: 仅完成部分的 ReadProcessMemory 或 WriteProcessMemory 请求。 (0x12B)
[0514/173540.489:WARNING:pe_image_reader.cc(281)] could not read dos header from C:\Windows\WinSxS\x86_microsoft.windows.common-controls_6595b64144ccf1df_6.0.14393.0_none_74bc87d3d22d9abe\COMCTL32.dll
[0514/173540.490:ERROR:process_reader_win.cc(233)] ReadMemory at 0x73110000 of 64 bytes failed: 仅完成部分的 ReadProcessMemory 或 WriteProcessMemory 请求。 (0x12B)
[0514/173540.490:WARNING:pe_image_reader.cc(281)] could not read dos header from C:\Windows\SYSTEM32\dbghelp.dll
[0514/173540.490:ERROR:process_reader_win.cc(233)] ReadMemory at 0x66420000 of 64 bytes failed: 仅完成部分的 ReadProcessMemory 或 WriteProcessMemory 请求。 (0x12B)
[0514/173540.490:WARNING:pe_image_reader.cc(281)] could not read dos header from C:\Windows\SYSTEM32\USP10.dll
[0514/173540.490:ERROR:process_reader_win.cc(233)] ReadMemory at 0x74330000 of 64 bytes failed: 仅完成部分的 ReadProcessMemory 或 WriteProcessMemory 请求。 (0x12B)
[0514/173540.490:WARNING:pe_image_reader.cc(281)] could not read dos header from C:\Windows\SYSTEM32\IPHLPAPI.DLL
[0514/173540.490:ERROR:process_reader_win.cc(233)] ReadMemory at 0x74010000 of 64 bytes failed: 仅完成部分的 ReadProcessMemory 或 WriteProcessMemory 请求。 (0x12B)
[0514/173540.490:WARNING:pe_image_reader.cc(281)] could not read dos header from C:\Windows\SYSTEM32\Secur32.dll
[0514/173540.490:ERROR:process_reader_win.cc(233)] ReadMemory at 0x67eb0000 of 64 bytes failed: 仅完成部分的 ReadProcessMemory 或 WriteProcessMemory 请求。 (0x12B)
[0514/173540.490:WARNING:pe_image_reader.cc(281)] could not read dos header from C:\Windows\SYSTEM32\DWrite.dll
[0514/173540.490:ERROR:process_reader_win.cc(233)] ReadMemory at 0x6dce0000 of 64 bytes failed: 仅完成部分的 ReadProcessMemory 或 WriteProcessMemory 请求。 (0x12B)
[0514/173540.490:WARNING:pe_image_reader.cc(281)] could not read dos header from C:\Windows\SYSTEM32\FONTSUB.dll
[0514/173540.490:ERROR:process_reader_win.cc(233)] ReadMemory at 0x767f0000 of 64 bytes failed: 仅完成部分的 ReadProcessMemory 或 WriteProcessMemory 请求。 (0x12B)
[0514/173540.490:WARNING:pe_image_reader.cc(281)] could not read dos header from C:\Windows\System32\MSASN1.dll
[0514/173540.490:ERROR:process_reader_win.cc(233)] ReadMemory at 0x76140000 of 64 bytes failed: 仅完成部分的 ReadProcessMemory 或 WriteProcessMemory 请求。 (0x12B)
[0514/173540.490:WARNING:pe_image_reader.cc(281)] could not read dos header from C:\Windows\System32\CRYPT32.dll
[0514/173540.490:ERROR:process_reader_win.cc(233)] ReadMemory at 0x76c20000 of 64 bytes failed: 仅完成部分的 ReadProcessMemory 或 WriteProcessMemory 请求。 (0x12B)
[0514/173540.490:WARNING:pe_image_reader.cc(281)] could not read dos header from C:\Windows\System32\WINTRUST.dll
[0514/173540.491:ERROR:process_reader_win.cc(233)] ReadMemory at 0xf8b0000 of 64 bytes failed: 仅完成部分的 ReadProcessMemory 或 WriteProcessMemory 请求。 (0x12B)
[0514/173540.491:WARNING:pe_image_reader.cc(281)] could not read dos header from C:\Program Files (x86)\Google\Chrome\Application\56.0.2924.87\chrome_child.dll
[0514/173540.509:ERROR:process_reader_win.cc(233)] ReadMemory at 0x555000 of 45056 bytes failed: 仅完成部分的 ReadProcessMemory 或 WriteProcessMemory 请求。 (0x12B)
[0514/173540.509:ERROR:crash_report_exception_handler.cc(111)] WriteEverything failed
[0514/173540.511:ERROR:scoped_process_suspend.cc(38)] NtResumeProcess: 已尝试访问正在退出的过程。  (0xc000010a)
[0514/173540.520:ERROR:process_reader_win.cc(233)] ReadMemory at 0x50f5000 of 45056 bytes failed: 仅完成部分的 ReadProcessMemory 或 WriteProcessMemory 请求。 (0x12B)
[0514/173540.520:ERROR:crash_report_exception_handler.cc(111)] WriteEverything failed
[0514/173540.521:ERROR:scoped_process_suspend.cc(38)] NtResumeProcess: 已尝试访问正在退出的过程。  (0xc000010a)
